172
2 12 8
2 10 13
2 18 23
2 24 31
2 55 65
2 71 89
2 90 91
2 99 105
2 117 121
2 123 139
2 149 159
2 162 163
2 177 180
2 188 192
2 201 203
2 214 218
2 225 230
2 235 242
2 263 268
2 276 278
2 283 294
2 302 328
2 336 345
2 348 351
2 353 362
2 364 375
2 384 388
2 391 392
2 394 397
2 399 400
2 403 407
2 412 422
2 424 427
2 429 431
2 437 438
2 442 447
2 449 459
2 467 472
2 474 497
2 16 22
2 25 26
2 27 29
2 32 36
2 40 41
2 44 45
2 46 50
2 54 56
2 59 66
2 69 70
2 76 78
2 79 80
2 81 92
2 95 100
2 101 104
2 106 107
2 109 112
2 114 115
2 116 119
2 124 128
2 129 132
2 136 138
2 144 148
2 151 152
2 153 160
2 164 172
3 256 279 299
3 306 315 322
3 330 421 454
3 7 17 86
3 154 189 212
3 334 352 358
3 414 492 64
3 72 73 120
3 141 156 158
3 170 182 213
3 266 301 319
3 337 410 443
3 462 484 495
3 0 38 48
3 52 108 111
3 113 155 166
3 210 221 234
3 261 264 298
3 310 329 350
3 371 376 434
3 448 451 452
3 463 475 486
3 5 15 19
3 20 34 60
3 61 147 175
3 181 187 193
3 199 208 219
3 231 236 240
3 249 258 271
3 273 277 288
3 292 311 320
3 324 356 360
3 367 385 387
3 396 405 409
3 419 430 433
3 439 445 455
3 473 498 499
3 3 6 444
3 186 195 200
3 204 207 217
3 226 233 237
3 244 247 251
3 254 259 267
3 269 274 280
3 282 284 285
3 289 295 304
3 307 325 332
3 339 341 347
3 359 361 363
3 365 372 373
3 377 378 379
3 390 395 401
3 411 425 432
3 446 450 453
3 460 461 468
3 490 494 2
3 4 9 30
3 37 39 42
3 43 49 51
3 53 57 58
4 62 63 74 75
4 77 82 83 85
4 87 88 94 96
4 98 102 103 118
4 122 125 126 130
4 131 133 134 137
4 140 142 143 145
4 146 150 157 161
4 167 168 169 171
4 173 176 178 179
4 183 184 191 202
4 205 206 215 216
4 220 222 224 228
4 229 232 238 239
4 241 243 246 248
4 250 253 255 257
4 260 262 265 270
4 272 275 287 290
4 291 293 297 313
4 314 316 317 321
4 323 327 331 338
4 340 342 343 344
4 346 349 355 357
4 366 368 370 374
4 380 381 383 386
4 389 393 398 402
4 404 406 408 413
4 415 416 418 426
4 428 435 436 440
4 456 457 458 464
4 465 466 469 471
4 476 477 478 479
4 480 481 483 485
4 487 488 489 493
4 67 68 110 127
4 135 194 209 223
4 227 281 296 303
4 305 308 318 335
4 354 382 417 470
4 84 211 309 312
4 93 97 190 196
4 197 252 286 333
4 369 420 423 441
4 33 174 47 245
4 165 198 300 11
4 326 185 482 1
4 14 21 496 28