1628
2 8134 8578
2 9382 9499
2 1632 1819
2 2697 3527
2 3808 3891
2 4522 4573
2 6531 9276
2 834 1129
2 1205 2999
2 3092 3132
2 4496 4792
2 5058 5061
2 5559 5981
2 6111 6152
2 7764 7888
2 8258 8434
2 124 151
2 307 1260
2 1877 1994
2 2732 4054
2 6206 6443
2 6741 6984
2 8468 8537
2 53 1718
2 1874 3895
2 4933 5094
2 6053 7105
2 7475 7875
2 8342 8684
2 9238 9407
2 9637 142
2 236 290
2 589 1562
2 1642 1888
2 2190 2705
2 3573 4725
2 4997 6228
2 7542 7734
2 8967 9241
2 9799 2091
2 2428 3980
2 4055 4611
2 4814 4857
2 6306 7413
2 7512 7777
2 9165 9675
2 9748 1704
2 1884 4442
2 4661 4865
2 5371 5418
2 7610 7884
2 9326 9714
2 9730 253
2 2490 3297
2 4091 4592
2 4636 4692
2 4774 5710
2 6628 6651
2 6676 6932
2 7219 7361
2 7993 8032
2 8035 8907
2 9530 9602
2 9761 9864
2 540 1445
2 2020 2241
2 2765 4703
2 4875 4989
2 5644 6155
2 6849 7286
2 7406 7659
2 9376 362
2 648 735
2 1282 1837
2 2854 3558
2 3912 3924
2 4066 4363
2 4381 4716
2 5044 5235
2 5517 5794
2 6557 1440
2 2254 2565
2 2887 3654
2 3802 3839
2 3945 4187
2 4506 4926
2 5035 6326
2 6827 7090
2 7526 7662
2 7841 8123
2 8176 9523
2 9896 9976
2 898 1023
2 1595 2400
2 2461 3531
2 3553 4656
2 4771 4904
2 5020 5671
2 6365 6733
2 7003 7074
2 7594 8423
2 9016 534
2 1598 2806
2 3498 3567
2 4064 4089
2 4410 5916
2 6366 6380
2 6794 6976
2 7382 7733
2 8241 9650
2 9922 358
2 1339 1406
2 1467 2006
2 2081 2457
2 3422 4559
2 4773 5389
2 5474 5530
2 6289 6673
2 7037 8333
2 1332 1533
2 1723 2320
2 4412 5205
2 5355 6436
2 7356 7374
2 7432 7683
2 8597 9220
2 9368 9453
2 147 210
2 404 960
2 1471 2375
2 2783 3760
2 3906 4879
2 5336 5898
2 6076 6800
2 6988 7914
2 8432 8861
2 9456 9848
2 9988 33
2 489 622
2 689 1422
2 1584 2907
2 4495 6361
2 6857 8019
2 146 909
2 1609 3323
2 3718 4375
2 4478 4720
2 5178 5457
2 5489 6490
2 6514 6778
2 7821 8376
2 8715 8889
2 8938 9468
2 9879 2381
2 2389 2462
2 3145 3704
2 4011 4639
2 4766 5086
2 5551 5633
2 6528 7419
2 7426 7534
2 7768 7785
2 7818 7943
2 8153 8648
2 9043 737
2 1021 2398
2 2401 2874
2 3244 3582
2 3617 4452
2 5856 5869
2 6784 7230
2 7249 7310
2 7530 8043
2 8150 8894
2 8898 9192
2 9361 9561
2 9684 9726
2 396 1529
2 2260 3595
2 3882 3914
2 6016 6340
2 7175 7592
2 8823 8845
2 9072 9703
2 150 1512
2 1922 1930
2 2129 3153
2 3299 3352
2 3559 3983
2 4026 4057
2 4953 5467
2 5776 5901
2 6208 6585
2 6870 7917
2 8299 8954
2 9631 39
2 198 635
2 835 1952
2 3371 3966
2 5085 5255
2 5380 5461
2 5865 5920
2 6202 7013
2 7990 8325
2 8425 8679
2 9122 9143
2 9222 9971
2 1090 1886
2 2191 3749
2 3985 4202
2 4467 4823
2 4907 5522
2 5832 6466
2 6834 7116
2 7454 7770
2 8712 8746
2 9429 32
2 359 512
2 804 947
2 3075 3188
2 3339 5531
2 5556 5724
2 6649 7010
2 7596 7956
2 7966 8238
2 8682 9062
2 9221 9549
2 9667 9802
2 711 1507
2 1822 2134
2 3129 3136
2 3564 4124
2 4704 5615
2 6724 7480
2 7689 9091
2 9183 9606
2 9734 9828
2 45 149
2 678 1347
2 1761 2277
2 2924 3011
2 3428 3811
2 4016 4640
2 4887 5896
2 5908 6184
2 6421 6700
2 7220 7221
2 7809 8519
2 9868 170
2 300 1100
2 1256 2148
2 2167 2343
2 2707 3322
2 4208 5756
2 6243 6574
2 6705 6873
2 7186 7731
2 7876 7970
2 8276 9173
2 0 313
2 849 1382
2 2024 3641
2 3694 3991
2 4465 4514
2 5047 5451
2 5566 5584
2 6160 6264
2 6446 6811
2 7964 8196
2 8263 8632
2 9096 471
2 611 2198
2 2278 2467
2 3020 3121
2 3724 5164
2 5939 6203
2 6248 6637
2 8264 8562
2 9459 9573
2 1047 1908
2 2495 2672
2 4335 4708
2 4949 5166
2 5277 5954
2 6553 6659
2 6681 6903
2 7984 8027
2 8517 8752
2 8908 9752
2 9978 1044
2 1157 1174
2 1199 2983
2 4659 5657
2 6015 6522
2 6596 6726
2 6942 7386
2 7424 7975
2 8133 9299
2 9583 9891
2 9987 9996
2 1179 1181
2 1569 2367
2 2875 3681
2 3818 4215
2 4340 4992
2 5040 5240
2 5860 5947
2 6648 7425
2 8711 8801
2 9068 9210
2 9328 433
2 541 708
2 1106 1411
2 1593 2337
2 3127 3203
2 3226 3412
2 4511 5362
2 5449 5721
2 6017 6112
2 7384 7727
2 9038 9633
2 562 2062
2 3517 4790
2 5173 5763
2 5836 6022
2 6719 7509
2 7521 8143
2 8222 9836
2 514 825
2 1381 1616
2 1668 1840
2 2506 2702
2 3031 3563
2 3894 4286
2 4419 4456
2 5536 5813
2 6246 6478
2 7500 8160
2 8210 9721
2 204 355
2 2025 2296
2 2601 4052
2 4206 5157
2 5496 6351
2 7555 8202
2 8413 8667
2 8696 8828
2 8863 8864
2 9486 608
2 889 968
2 1400 1751
2 1768 2120
2 3105 4359
2 4958 5730
2 6492 6713
2 7877 8139
2 8336 8810
2 70 465
2 1012 1409
2 1535 2159
2 2329 2437
2 2954 3330
2 3596 4092
2 4188 4742
2 5198 5872
2 6051 6275
2 6280 6864
2 7751 8006
2 8031 8876
2 8977 9920
2 9935 9995
2 234 240
2 530 919
2 955 1321
2 1843 2033
2 2578 3004
2 3235 3657
2 3809 3972
2 4228 4801
2 4858 4943
2 5368 6263
2 6960 7633
2 8919 9198
2 9269 9418
2 131 270
2 430 431
2 456 1062
2 1640 2746
2 3311 3926
2 4000 5082
2 5606 5751
2 6576 7397
2 7614 7729
2 7924 8089
2 8215 8454
2 9028 9187
2 9519 9600
2 9716 9768
2 97 372
2 500 620
2 978 1330
2 1750 1939
2 2193 2604
2 2661 2762
2 2786 2949
2 3939 4046
2 5208 6008
2 6097 6698
2 6964 7995
2 8137 9201
2 9332 9446
2 9699 9767
2 136 439
2 673 1036
2 1259 1744
2 1980 2072
2 2632 2977
2 3956 4301
2 4534 4796
2 5191 5986
2 6003 6161
2 6761 6890
2 7170 7663
2 8401 8447
2 9086 9431
2 9538 9584
2 9656 885
2 1475 1519
2 1796 2102
2 2514 2694
2 2713 2772
2 3212 3590
2 4221 4798
2 4942 5245
2 5482 6565
2 6824 6835
2 6844 7407
2 7457 7991
2 8180 8822
2 9398 9944
2 24 183
2 956 1318
2 1649 1961
2 2074 2399
2 2595 3280
2 3370 4104
2 6137 6352
2 8252 8326
2 8383 8435
2 8568 9413
2 37 86
2 1279 1694
2 2207 3060
2 3344 3793
2 4238 4387
2 4502 4635
2 4777 5666
2 5732 5752
2 6121 6197
2 6450 6463
2 6809 6887
2 7674 7800
2 7881 7895
2 8037 8859
2 9075 9083
2 9855 457
2 1546 1983
2 2297 2881
2 2891 2953
2 3822 4783
2 4839 5994
2 6302 7461
2 7471 7554
2 7586 9036
2 458 487
2 602 756
2 1538 1755
2 3364 3543
2 4248 4358
2 4400 4595
2 5168 5897
2 6959 6963
2 6972 7320
2 7357 7362
2 7410 7724
2 7812 8314
2 8815 8900
2 9009 335
2 2144 2149
2 2210 2596
2 2608 2903
2 3052 3141
2 3951 4116
2 4399 4434
2 4596 5024
2 6311 6471
2 6915 7094
2 7206 7387
2 8093 8353
2 8766 8930
2 9035 9047
2 9094 9137
2 221 392
2 462 801
3 5121 8148 6404
3 421 2589 5913
3 5583 6255 9906
3 8785 3629 6584
3 7710 1737 3987
3 7529 5231 2094
3 4386 5796 9487
3 6735 8197 1756
3 2584 8754 998
3 2395 6655 2861
3 6312 59 7923
3 7569 7704 5515
3 9612 6632 7444
3 8873 7262 8452
3 2489 7796 5905
3 398 8407 820
3 1729 604 6459
3 9004 1248 7549
3 7064 4848 5886
3 8603 8733 8189
3 8437 9354 9529
3 6839 9213 1524
3 4449 4318 4574
3 5744 9483 4100
3 6823 3904 4233
3 3626 7108 8479
3 5416 9620 1287
3 2545 6476 9383
3 4004 3697 1396
3 9131 5427 4041
3 370 973 2061
3 847 3015 2155
3 4644 4863 9247
3 7792 6668 3135
3 4631 2222 1492
3 9618 2752 5363
3 7168 2687 2843
3 5570 44 453
3 2117 8284 1561
3 7100 461 3505
3 8775 9765 1423
3 3295 4036 2932
3 8287 1385 6640
3 8004 8854 3273
3 5616 8591 3715
3 2345 2096 5918
3 6639 9813 674
3 3420 1556 5090
3 7936 666 2331
3 2935 4695 5251
3 2598 3825 6762
3 1677 9959 1081
3 1114 4147 6756
3 5001 5592 8384
3 8689 8119 1388
3 6196 7525 9818
3 864 5989 683
3 948 4106 6613
3 3942 5526 9888
3 8911 8320 4194
3 4473 5083 5211
3 9128 3149 5052
3 7369 8585 936
3 2459 2819 7515
3 8777 132 2968
3 4670 7819 2246
3 3484 7577 962
3 876 7863 8240
3 8814 2723 7939
3 7368 752 8837
3 9256 3457 8991
3 110 8392 3176
3 7208 7290 7950
3 371 2196 2728
3 7101 684 8636
3 281 2212 4808
3 8641 9267 5791
3 63 2499 6240
3 5602 9614 714
3 2475 3656 4090
3 7259 1101 2064
3 9019 4916 5651
3 9894 1013 3678
3 7834 839 1491
3 2548 3024 3765
3 5048 7945 6170
3 7198 4405 4961
3 1004 1071 1115
3 5945 9965 4685
3 7937 1233 2124
3 3302 4579 3272
3 3795 8152 9986
3 5042 384 2141
3 3647 6677 7104
3 9295 1734 2008
3 2070 7927 4702
3 5101 6782 7135
3 854 5773 6495
3 1707 2115 4430
3 8058 336 1164
3 1214 2080 4957
3 5046 7201 7540
3 443 2558 2922
3 4788 4917 5214
3 7409 8639 1341
3 7896 8063 3499
3 5653 7825 49
3 976 6702 7202
3 7961 1146 1830
3 4886 4964 6381
3 9307 3463 4509
3 6176 7313 9568
3 818 82 4983
3 3792 5295 6107
3 8612 3047 5772
3 7595 7757 3607
3 3940 4135 4874
3 5982 2727 3096
3 2228 2274 5713
3 8338 9305 2964
3 3896 6252 636
3 1353 3228 3566
3 1210 3309 4322
3 7136 8485 8608
3 887 5310 7305
3 1851 3293 4240
3 6168 7543 71
3 4406 4925 6550
3 7516 8322 9433
3 1988 1203 6935
3 8745 9129 7551
3 9866 1671 4940
3 1955 5625 7145
3 9795 7 1812
3 4185 9527 8116
3 3437 4141 5383
3 47 4131 5219
3 7579 594 1322
3 1450 2456 3114
3 7326 8465 8851
3 9552 4167 2259
3 4235 4637 7359
3 9 3042 3142
3 766 1094 1713
3 7231 1742 4655
3 5006 5652 1934
3 3686 7583 9539
3 9690 532 2686
3 5873 2962 4074
3 4561 5494 7715
3 9525 3844 4657
3 8803 9263 727
3 2481 3072 8553
3 723 1050 1895
3 4847 7083 4112
3 4475 6129 6957
3 2759 3357 4102
3 7447 8250 8387
3 9235 9532 9917
3 62 2982 4374
3 7088 2293 2736
3 7196 8736 1946
3 3519 8332 954
3 3196 213 7032
3 7308 7648 8375
3 859 4320 8010
3 9196 9946 1591
3 2045 5163 6547
3 9063 1418 1724
3 2726 4076 5777
3 6882 2060 2342
3 3337 4619 5904
3 6611 7725 8193
3 8767 850 1568
3 2652 3689 6178
3 9106 992 2340
3 4402 5172 9119
3 2544 3155 8644
3 1433 4490 4638
3 4912 4995 9966
3 1621 2642 3170
3 3672 6558 9747
3 586 2085 2749
3 3648 3775 120
3 201 3757 5729
3 8626 9344 9576
3 3542 3781 5686
3 6038 6534 6913
3 7451 7494 7851
3 8601 2828 3257
3 4139 7643 6571
3 8478 774 4550
3 5931 6567 7148
3 8138 8397 2628
3 3889 5156 7464
3 7545 7814 403
3 1763 2323 3593
3 8186 9542 328
3 676 2862 2870
3 4150 4244 6134
3 9302 2795 3112
3 3376 3475 4058
3 6537 7862 18
3 2300 2308 8997
3 9151 9275 9713
3 58 4959 6467
3 6927 7079 8187
3 8865 9559 1383
3 2036 2213 2814
3 4390 5081 4044
3 5366 7316 8233
3 8242 8267 9900
3 3451 3708 3840
3 3869 8115 4480
3 8259 1711 5609
3 6147 6171 7166
3 7445 7703 8506
3 9528 446 778
3 2123 3842 5845
3 7673 8616 8849
3 1160 2305 8079
3 9243 9320 9873
3 11 1049 1839
3 1936 2160 2267
3 3526 3583 5540
3 8094 245 654
3 1136 2243 2313
3 3126 4837 5096
3 8101 8430 333
3 1552 2023 6050
3 6123 6359 8167
3 9605 1509 3913
3 5359 7267 7944
3 9514 2985 3950
3 4284 5136 5324
3 7726 8509 9921
3 687 2944 4551
3 5854 7385 7953
3 8036 8286 9374
3 373 2282 2920
3 4902 6300 6580
3 6777 7008 706
3 1767 2535 3106
3 3745 4498 5209
3 6842 7522 8367
3 9784 1231 1845
3 3618 3632 3899
3 6481 7466 9289
3 65 1427 2674
3 2817 3253 7922
3 9340 2203 5665
3 6060 8348 9856
3 177 2718 4690
3 5600 6985 6989
3 7026 8701 9283
3 9722 463 7700
3 9732 9942 593
3 2994 3002 5622
3 7756 8026 1359
3 3083 4151 4965
3 5919 7920 8346
3 8563 9111 780
3 1096 1996 2572
3 2941 4516 6582
3 6638 7050 8047
3 8697 8721 9691
3 1357 1817 3229
3 6313 7212 8834
3 9649 2619 6329
3 8253 9252 745
3 1085 2364 9778
3 522 1336 1372
3 2571 3485 4137
3 4951 5962 7209
3 9366 103 717
3 2009 2802 3356
3 4582 6316 6363
3 8839 9443 9779
3 251 565 709
3 1861 2112 4351
3 4352 6477 6602
3 8477 9751 67
3 2647 3368 6426
3 2351 5891 5909
3 8811 2905 3443
3 6994 7119 8199
3 9123 9154 9365
3 6 257 645
3 1340 3089 4259
3 5793 7629 9124
3 171 214 1976
3 2536 5492 7671
3 7981 8614 8751
3 332 1202 1510
3 1787 2095 3379
3 4884 6415 7330
3 9325 9585 1344
3 1701 2162 3496
3 4134 4293 4357
3 4477 7489 7911
3 8947 9546 9629
3 9806 60 3062
3 3214 3308 5239
3 5593 188 1001
3 1820 2957 4557
3 4867 5544 6666
3 8163 8200 8501
3 8923 9363 9968
3 750 877 1717
3 5149 5330 6914
3 8529 8835 9511
3 9930 9974 1740
3 1975 4222 5236
3 5244 5518 5733
3 6956 7934 8003
3 8779 1505 4711
3 5332 5991 6297
3 6342 7057 7391
3 321 1351 1564
3 1800 2776 4727
3 4977 7613 8651
3 8658 9545 296
3 924 1364 1883
3 2575 3730 7677
3 9166 3750 4331
3 4696 6188 7415
3 7439 8040 8431
3 1249 1965 2245
3 3120 4572 5529
3 5758 5970 7153
3 7344 9962 791
3 1522 1747 7210
3 7647 8915 8990
3 9419 9426 2509
3 3579 4161 4415
3 4717 5028 5131
3 5808 7699 8168
3 8449 9550 1743
3 3473 5488 5683
3 5835 6738 7972
3 8056 8579 96
3 767 1061 1714
3 2043 2265 2573
3 3655 5074 5728
3 6042 6616 7824
3 8418 9271 9341
3 9397 55 301
3 902 1673 3087
3 6273 6419 6627
3 7250 8866 9569
3 264 631 1200
3 1523 2952 3830
3 3845 5720 6144
3 8470 8548 8607
3 197 385 773
3 797 1178 1636
3 1889 3223 3834
3 4870 6742 7524
3 8625 9566 9626
3 9853 1508 2089
3 2809 3167 3306
3 5155 5553 6226
3 6309 6410 8487
3 8702 9572 9797
3 407 2055 3137
3 3978 4367 4960
3 6336 6377 8132
3 8659 9048 1476
3 1810 3905 4600
3 5375 5864 6192
3 7155 7436 7567
3 7748 8183 9250
3 730 1948 2612
3 3557 3673 4649
3 5610 278 1228
3 1998 2486 3271
3 3791 3870 4079
3 4524 6384 8671
3 9718 875 4043
3 4200 4861 6058
3 6769 9689 9952
3 283 2353 3001
3 5308 6028 6198
3 6747 8707 8940
3 9265 9746 9843
3 3 1429 1912
3 3857 3944 5476
3 7253 9871 85
3 1483 2912 5170
3 6010 6662 7302
3 8172 9078 432
3 1140 2000 3367
3 3997 7412 7443
3 8204 8297 8677
3 9507 263 836
3 884 915 1040
3 1587 1853 3278
3 4179 4527 4532
3 4706 6578 7118
3 7880 8453 9755
3 1720 2927 3028
3 4469 4607 5203
3 5207 6012 6146
3 6483 6981 7095
3 7103 8442 8683
3 513 995 3022
3 3728 3885 5803
3 5849 6110 6320
3 7696 7978 8670
3 9695 464 634
3 1224 1378 1821
3 2585 3508 6757
3 7319 7617 7618
3 8964 1037 1253
3 2877 3518 4474
3 4565 4617 4883
3 6370 7296 7603
3 8722 8929 1073
3 1681 1708 3037
3 3561 3736 3877
3 4307 5174 5197
3 6444 6498 7861
3 8750 8932 9908
3 1117 1526 1542
3 1684 1923 2939
3 3248 3362 3375
3 4786 4871 5785
3 7759 8692 8895
3 9359 9464 137
3 559 1116 1152
3 1154 1484 2627
3 2937 4038 4439
3 5902 7536 8524
3 9599 520 1571
3 2488 3892 4361
3 7870 8328 3511
3 4292 4521 5278
3 5462 6296 6367
3 8874 8956 9880
3 2592 2798 3853
3 4975 5823 7678
3 7823 8466 8637
3 9197 916 1261
3 1833 3055 3107
3 3544 5341 5547
3 5839 6231 6656
3 7041 7178 9769
3 9849 17 56
3 172 174 970
3 1361 1712 2566
3 2600 4668 4946
3 5705 5941 6220
3 6577 6605 6965
3 7463 8527 9425
3 9907 9961 1726
3 2185 5378 5441
3 5998 6938 7255
3 9984 529 760
3 846 2368 5503
3 5548 6389 7130
3 7215 7238 10
3 145 3050 3769
3 4604 5250 6715
3 7363 8516 9014
3 9350 297 451
3 688 738 844
3 1234 1430 1570
3 1765 2106 3516
3 3746 3969 4663
3 4731 5151 5446
3 5563 6856 7740
3 8363 8931 9092
3 208 525 923
3 1122 1601 2716
3 3134 5271 5649
3 6583 6752 8714
3 9168 556 912
3 1197 1487 1827
3 2165 2766 5118
3 5325 5579 6205
3 6266 6364 6526
3 6540 7218 7624
3 7778 9597 9741
3 9895 139 164
3 926 1963 2407
3 3104 3540 4093
3 6133 7149 8239
3 9121 9161 117
3 2007 2221 2295
3 2649 3258 4491
3 4990 6396 7518
3 7558 8081 8673
3 8833 9182 9214
3 9450 1589 1648
3 2484 4230 5007
3 5013 5017 5948
3 8059 8161 211
3 2804 3674 4627
3 5574 5627 5899
3 6052 6451 7499
3 7839 8044 8650
3 8824 9246 9390
3 9594 480 628
3 2309 2879 3691
3 4126 5056 5875
3 6149 7152 7346
3 7692 8198 8293
3 87 642 1010
3 2127 2555 2848
3 6680 7204 7983
3 8617 9135 1015
3 1825 2590 2836
3 3029 3276 3932
3 6102 6623 6721
3 7318 8247 9490
3 9719 656 2125
3 2811 3608 3828
3 5879 6157 6215
3 6645 7151 7278
3 7752 8305 8609
3 8653 9588 178
3 289 597 900
3 1735 1847 1866
3 1876 2872 3973
3 4555 6036 6731
3 7954 8606 9414
3 9471 9580 9776
3 28 206 1620
3 1943 2516 3239
3 3480 3677 3692
3 4650 4859 5487
3 5513 6193 6256
3 9286 931 1159
3 1464 1856 2538
3 4671 5824 7375
3 8652 9852 590
3 1056 1311 1393
3 2226 4170 5815
3 6350 6685 6703
4 5357 5782 8278 8594
4 8748 8882 9074 9155
4 9224 9804 91 380
4 587 609 646 812
4 1145 1186 1999 2100
4 2224 2594 2614 2693
4 2703 3255 3328 3471
4 3494 3625 4108 4494
4 4512 4533 4728 4740
4 4763 4962 4985 5070
4 5296 5537 5624 5940
4 5963 6305 6458 7345
4 7417 7611 7773 7897
4 8443 8660 8730 8739
4 8762 8831 9470 9628
4 9723 9733 567 650
4 700 928 1035 1295
4 1337 1346 1435 1859
4 1970 2107 2561 2660
4 2997 3667 4006 4198
4 4229 4300 4360 4547
4 5015 5057 5105 5542
4 5689 5690 5709 6518
4 6543 6767 6860 7025
4 7241 7347 7377 7646
4 7854 8156 8928 9208
4 9291 9347 158 220
4 374 510 572 1852
4 2054 2088 2253 2332
4 2476 2696 2885 2919
4 3026 3111 3400 3446
4 3936 4082 4414 5603
4 5639 5677 6150 6239
4 6272 6378 6427 6709
4 6875 6885 7185 7421
4 7476 7843 7894 8400
4 8424 8772 8867 9037
4 9178 9254 9303 9589
4 9641 9735 9883 8
4 64 165 196 492
4 527 570 1473 1691
4 1745 2018 3048 3079
4 3331 3447 3762 3763
4 4012 4080 4133 4239
4 4413 4583 4868 5160
4 5267 5311 5388 5685
4 5943 6114 6718 6840
4 6858 7339 7670 8090
4 8100 8302 8368 8389
4 8458 8913 9045 9904
4 9960 216 427 1064
4 1068 1217 1243 1285
4 1345 1443 1872 2042
4 2204 2248 2306 2620
4 2910 3054 3119 3179
4 3290 3624 3658 3890
4 4013 4313 4519 4645
4 5021 5123 5135 5545
4 5604 5726 5760 5798
4 5936 6274 6403 6536
4 6750 6940 7106 7112
4 7350 7571 7801 7932
4 8113 8158 8171 8223
4 8246 8254 8319 8735
4 8945 9076 9237 9318
4 9339 9622 9950 248
4 337 519 632 761
4 788 943 957 1076
4 1223 1515 1803 1885
4 2044 2230 2680 2801
4 3046 3270 3423 3684
4 3801 4065 4128 4944
4 4967 5293 5395 5554
4 5636 5642 5749 6527
4 6670 6707 6806 6918
4 7020 7031 7438 8366
4 8451 8536 8620 8979
4 9278 9309 9591 9616
4 9786 9903 9969 9973
4 222 242 942 1054
4 1663 1982 2568 3039
4 3314 3500 3837 3907
4 4053 4120 4257 4409
4 4500 4781 5079 5491
4 5499 5661 5668 5701
4 5789 6277 6817 6829
4 6950 7002 7224 7335
4 7429 7535 7771 8213
4 8497 8521 8760 8813
4 9136 9266 9427 9661
4 9700 9955 9970 138
4 140 162 856 1018
4 1109 1151 1218 1319
4 1324 1438 1645 1741
4 1931 2269 2379 2829
4 2888 3326 3915 4042
4 4123 4234 4317 4658
4 4834 4920 5179 5220
4 5436 5456 5876 6105
4 6660 6683 7089 7679
4 7873 7901 8237 8323
4 8505 8528 8827 9017
4 9257 9331 9379 9384
4 9681 9798 9902 9975
4 235 284 294 352
4 475 637 809 1219
4 1225 1338 1490 1539
4 1576 1628 2291 2523
4 2557 2860 2967 3068
4 3219 3714 4216 4280
4 4458 4618 4795 4919
4 5036 5137 5218 5407
4 5454 5485 5521 6019
4 6057 6406 6460 6684
4 6734 6982 7062 7886
4 8195 8422 8436 8647
4 8807 8817 8838 8963
4 9138 9206 9842 107
4 190 237 244 262
4 410 503 553 1005
4 1189 1267 1315 1489
4 1758 1826 2251 2411
4 2474 2925 3033 3478
4 3481 3675 4035 4113
4 4274 4408 4963 5012
4 5256 5353 5748 6072
4 6345 6507 6807 6888
4 7180 7300 7498 7599
4 7645 7649 7739 7760
4 7787 7794 7866 7909
4 7928 8017 8099 8274
4 8329 8391 8552 8598
4 8672 9153 9180 9211
4 9249 9355 9658 606
4 623 967 1042 1155
4 1263 1366 1860 1956
4 1967 1977 2131 2316
4 2327 2513 2690 2739
4 2850 2930 3354 3392
4 3528 3731 3867 4110
4 4115 4142 4288 4515
4 4530 4698 4782 4873
4 4936 5180 5217 5369
4 5432 5750 5874 6014
4 6504 6679 6723 7038
4 7263 7287 7341 7442
4 7893 8122 8377 8844
4 8848 9005 9018 9090
4 9493 9513 9544 9792
4 581 832 1057 1070
4 1544 1626 2076 2262
4 2521 2678 2902 3204
4 3283 3374 3552 3560
4 3668 3925 4121 4306
4 4370 4531 4735 5111
4 5138 5193 5670 5688
4 5852 6025 6106 6368
4 6488 7046 7370 7380
4 7737 7831 7967 8292
4 8788 9026 9207 9244
4 9677 119 277 979
4 1008 1083 1294 1386
4 1421 1733 1794 2067
4 2084 2270 2275 2371
4 2630 2970 2976 3159
4 3172 3666 3729 3856
4 3918 3995 4037 4127
4 4353 4492 4674 4844
4 5129 5196 5224 5242
4 5692 5842 5894 5914
4 5946 5956 5974 6044
4 6286 6706 6810 7164
4 7288 7539 7620 7891
4 7913 8078 8236 8351
4 8586 8878 8962 9039
4 9108 9160 9219 9352
4 9424 9563 9789 9867
4 9872 187 239 254
4 601 612 614 704
4 715 785 1328 1633
4 2001 2178 2225 2468
4 2666 2704 2744 2794
4 2838 2857 3366 3458
4 3598 3634 3638 3971
4 4119 4433 4503 4540
4 4568 4816 4993 5054
4 5091 5185 5289 5302
4 5580 6120 6135 6169
4 6249 6388 6625 6837
4 6979 7254 7265 7352
4 7568 7591 7892 7979
4 8016 8181 8269 8526
4 8551 8719 8966 9054
4 9130 9174 9377 9763
4 9781 9945 382 469
4 496 578 681 762
4 765 1078 1655 1968
4 1981 2003 2208 2397
4 2479 2530 2605 2631
4 2724 2792 2796 2864
4 2972 3171 3260 3315
4 3565 3622 3640 3660
4 3683 3774 3820 3835
4 3948 4277 4429 4888
4 5358 5412 5655 5660
4 5765 5768 5781 5799
4 5866 6062 6099 6423
4 6487 6548 6599 6687
4 6755 6801 6975 7462
4 7517 7635 7918 8007
4 8107 8283 8399 8669
4 8688 8708 8829 8995
4 9104 9199 9253 9403
4 9437 9485 9643 9729
4 9803 66 141 250
4 295 363 455 504
4 561 619 775 808
4 810 838 1163 1623
4 1698 1871 1905 1974
4 2109 2194 2391 2443
4 2471 2763 2810 3234
4 3320 3532 3865 3943
4 3958 4138 4256 4270
4 4411 4548 4608 4901
4 5306 5420 5706 5802
4 5997 6045 6083 6191
4 6247 6501 6894 7576
4 8095 8124 8127 8130
4 8354 8371 8550 8781
4 9349 9364 9501 9593
4 9596 9727 9826 9982
4 9989 21 331 1052
4 1124 1143 1213 1327
4 1442 1592 1602 1605
4 1957 1966 2103 2419
4 2617 2729 2969 3043
4 3045 3181 3192 3221
4 3249 3284 3403 3554
4 3562 3735 4010 4219
4 4345 4924 5415 5582
4 5608 5715 5723 5746
4 5753 5847 5867 5996
4 6029 6056 6131 6219
4 6324 6338 6440 6521
4 6566 6764 6790 6869
4 6907 6929 7124 7373
4 7478 7605 7709 7999
4 8270 8450 9115 9385
4 9627 9671 9750 9762
4 95 105 400 436
4 447 476 716 772
4 792 892 1301 1373
4 1503 1672 1687 1815
4 1990 2255 2283 2361
4 2460 2646 2846 3224
4 3289 3298 3398 3448
4 3568 3614 3649 4329
4 4446 4827 4931 5075
4 5142 5159 5349 5396
4 5465 5546 5739 5935
4 6250 6310 6442 6561
4 6663 6781 6838 6886
4 6931 6934 6949 7016
4 7051 7240 7487 8020
4 8151 8370 8582 9195
4 9343 9432 9687 9702
4 9893 19 26 43
4 127 327 357 438
4 907 996 1038 1349
4 1352 1572 1887 1903
4 1907 1925 2058 2146
4 2150 2355 2383 2748
4 2779 2826 2840 2998
4 3003 3122 3269 3432
4 3489 3646 3703 3864
4 3934 4169 4315 4424
4 4437 4484 4825 4835
4 4854 4955 5216 5315
4 5501 5648 5664 5764
4 5801 5810 5861 5868
4 5992 6027 6124 6145
4 6181 6462 6505 6646
4 6780 6819 6900 6966
4 7115 7147 7390 7473
4 7780 7905 8194 8205
4 8313 8337 8390 8504
4 8720 8738 8902 9273
4 9642 9834 9899 9913
4 9994 261 364 367
4 369 975 1222 1414
4 1451 1537 1596 1689
4 1709 1960 2056 2077
4 2133 2180 2188 2219
4 2257 2266 2319 2574
4 2774 2800 2856 2913
4 3739 3758 3771 3832
4 3833 3861 4117 4192
4 4299 4326 4463 5002
4 5025 5037 5124 5292
4 5421 5575 5646 6122
4 6268 6347 6482 6865
4 7009 7420 7508 7885
4 8014 8245 8558 8783
4 8912 8958 9025 9142
4 9285 9463 9508 9565
4 9889 14 265 749
4 816 1003 1334 1354
4 1481 1543 1548 1607
4 1644 1773 2079 2236
4 2392 2408 2448 2650
4 2813 3063 3303 3688
4 3738 3874 4242 4612
4 4665 4683 5034 5078
4 5126 5261 5264 5561
4 5703 5934 6020 6235
4 6525 6564 6572 6891
4 6910 6946 7076 7157
4 7301 7755 7996 8070
4 8082 8162 8360 8364
4 8459 8565 8755 9416
4 9522 9805 5 122
4 129 377 389 617
4 657 748 754 824
4 985 1268 1269 1304
4 1834 2354 2454 2477
4 2701 3207 3483 3510
4 3574 3575 3630 3786
4 3919 3937 3954 3996
4 4007 4105 4186 4563
4 4566 4677 4866 4915
4 5084 5110 5184 5195
4 5352 5450 5519 5787
4 5953 6011 6037 6080
4 6173 6318 6455 6573
4 6603 7225 7256 7271
4 7566 7775 8146 8471
4 8496 8668 8946 8948
4 9430 9435 9482 9504
4 9558 9562 9619 9668
4 9847 98 324 484
4 564 667 744 874
4 890 918 1128 1384
4 1389 1528 1604 1670
4 1692 1782 2233 2599
4 2917 3061 3365 3372
4 3851 3976 4075 4140
4 4171 4281 4343 4526
4 4539 4552 4945 5022
4 5115 5284 5285 5393
4 5431 5562 5637 5795
4 6372 6530 6609 6653
4 6798 6928 6955 6992
4 7023 7128 7440 7798
4 7865 7997 8112 8306
4 8308 8330 8421 8433
4 8590 8611 8741 8852
4 9080 9293 9401 9440
4 9449 9503 9875 9911
4 9936 75 176 585
4 699 742 1024 1026
4 1092 1264 1291 1545
4 1565 1919 1962 2195
4 2292 2312 2360 2449
4 2450 2528 2820 2979
4 3250 3345 3418 3452
4 3512 3605 3687 3737
4 3952 3964 4146 4203
4 4380 4404 4510 4729
4 4809 4900 5093 5478
4 5712 5922 5923 6030
4 6089 6413 6689 6759
4 6789 6892 6977 7402
4 7495 7615 7698 7728
4 8091 8105 8111 8294
4 8307 8510 8588 8699
4 8888 8982 9118 9262
4 9520 9639 9928 42
4 233 557 712 851
4 855 869 963 1229
4 1375 1431 1441 1498
4 2092 2139 2346 2416
4 2421 2624 2981 3069
4 3175 3184 3538 3599
4 3606 3676 3702 3855
4 3910 4085 4096 4178
4 4289 4455 4542 4629
4 4682 4753 4817 5130
4 5152 5194 5249 5455
4 5497 5638 5662 5797
4 5806 6355 6538 6665
4 6688 6691 6791 6826
4 6974 7303 7422 7604
4 7644 7718 7750 7910
4 7968 8030 8055 8106
4 8140 8583 8634 8700
4 8724 8809 8818 8856
4 8896 8901 8925 8939
4 9052 9079 9088 9177
4 9292 9304 9439 9516
4 9579 9615 9777 80
4 247 282 353 878
4 891 945 952 1030
4 1053 1150 1173 1240
4 1368 1392 1666 1682
4 1722 1786 2118 2214
4 2362 2784 2901 2940
4 3000 3470 3524 3613
4 3710 3881 3981 4033
4 4045 4087 4189 4296
4 4332 4346 4368 4707
4 4838 4881 4991 5011
4 5039 5076 5269 5305
4 5314 5335 5452 5830
4 5841 5880 6113 6672
4 6695 6728 7137 7146
4 7284 7336 7351 7485
4 7676 7702 7723 7879
4 7998 8145 8335 8623
4 8846 8904 8922 9185
4 9405 9665 9672 9909
4 50 126 285 340
4 386 399 408 624
4 991 1041 1156 1629
4 1675 1945 2071 2156
4 2209 2339 2396 2626
4 2788 2849 3014 3168
4 3305 3507 3537 3569
4 3594 3597 3776 4023
4 4183 4212 4213 4223
4 4319 4397 4528 4569
4 5102 5232 5337 5411
4 5435 5532 5911 5990
4 6624 6716 6785 6943
4 7028 7470 7776 7817
4 7838 7869 7955 8261
4 8327 8518 8858 8999
4 9095 9141 9203 9216
4 9404 9408 9574 9587
4 9766 9791 9841 345
4 366 592 685 732
4 755 941 1007 1281
4 1293 1356 1660 1759
4 1798 2073 2182 2615
4 2648 2737 2787 2958
4 2960 3034 3238 3317
4 3397 3465 3514 3764
4 4129 4382 4431 4615
4 4647 4778 4800 4878
4 5144 5402 5438 5520
4 5524 5647 5669 6115
4 6172 6298 6376 6489
4 6575 6589 6598 6779
4 6816 6884 6911 6941
4 7158 7173 7195 7214
4 7746 7836 8290 8296
4 8343 8577 8687 8743
4 8798 8830 8871 8935
4 8980 8983 9231 9242
4 9492 9674 9743 9857
4 9874 9983 334 354
4 416 705 731 853
4 873 925 1193 1362
4 1390 1449 1482 1702
4 1715 1746 1780 1791
4 1823 1927 2177 2429
4 2430 2494 2708 2761
4 2830 2833 2867 3013
4 4083 4101 4282 4391
4 4448 4765 4803 4984
4 5065 5087 5283 5392
4 5484 5525 5541 5659
4 5708 5743 5821 5927
4 6140 6218 6349 6532
4 6587 6847 6889 7006
4 7126 7269 7294 7355
4 7520 7691 8018 8042
4 8060 8066 8175 8208
4 8281 8288 8349 8357
4 8690 8718 9033 9133
4 9163 9358 9705 9956
4 46 212 243 460
4 664 787 905 1034
4 1175 1419 1600 1659
4 1697 1779 1784 2434
4 2441 2487 2493 2501
4 2539 2559 2639 2682
4 3805 3814 4061 4071
4 4190 4204 4278 4362
4 4772 4785 4824 5154
4 5425 5490 5656 5707
4 5988 6047 6333 6385
4 6394 6601 6657 6893
4 7004 7012 7056 7141
4 7181 7205 7297 7331
4 7472 7482 7506 7560
4 7612 7767 7904 7926
4 7952 8072 8149 8341
4 8476 8480 9315 9378
4 9515 9654 9757 9845
4 9919 29 100 113
4 231 351 445 490
4 501 580 584 692
4 710 751 790 1204
4 1246 1272 1657 1894
4 1997 2041 2113 2114
4 2189 2256 2438 2576
4 2616 3040 3113 3140
4 3163 3429 3468 3592
4 3650 3982 4210 4225
4 4268 4324 4336 4481
4 4779 4784 4947 5564
4 5687 5711 5716 5775
4 5784 5827 6299 6317
4 6335 6346 6424 6437
4 6464 6486 6568 6861
4 6926 6951 6995 7188
4 7354 7598 7747 7912
4 8051 8057 8182 8448
4 8460 8488 8531 8704
4 8799 8841 8909 8920
4 9001 9167 9268 9277
4 9373 9676 9739 9915
4 9937 9938 474 547
4 599 830 879 946
4 951 980 1397 1472
4 1710 1760 1863 1875
4 1914 2093 2284 2315
4 2403 2496 2710 2738
4 2742 2926 2995 3098
4 3166 3183 3548 3601
4 3609 3631 3661 3706
4 3767 3886 3900 3967
4 3989 4049 4073 4118
4 4261 4385 4626 4719
4 4751 4776 4974 5226
4 5326 5459 5623 5932
4 5955 5975 6214 6287
4 6292 6883 6997 7191
4 7234 7468 7519 7537
4 7563 7685 7846 7860
4 7947 8126 8178 8358
4 8369 8386 8885 9034
4 9071 9103 9657 9760
4 9801 79 90 104
4 166 560 647 758
4 852 933 1051 1098
4 1125 1417 1446 1560
4 1643 1797 1991 2034
4 2119 2263 2374 2394
4 2414 2482 2534 2547
4 2625 2755 2768 2816
4 2880 3065 3231 3304
4 3351 3421 3726 3920
4 3998 4162 4168 4295
4 4366 4472 4476 4485
4 4587 4652 4805 4836
4 4970 5031 5089 5320
4 5445 5468 5506 5645
4 5667 5987 6362 6465
4 6502 6626 6717 6813
4 6896 7280 7366 7449
4 7497 7601 7769 7940
4 8071 8262 8324 8339
4 8394 8414 8444 8710
4 8847 8869 8917 8926
4 9077 9466 9630 9697
4 317 442 548 661
4 679 694 969 1121
4 1242 1630 1906 1921
4 2027 2135 2321 2322
4 2440 2478 2497 3010
4 3139 3182 3604 3725
4 3986 4021 4029 4383
4 4401 4585 4815 4908
4 4909 5301 5318 5408
4 5502 5567 6001 6032
4 6165 6211 6238 6449
4 6786 6978 7044 7161
4 7199 7282 7435 7437
4 7806 7874 7974 8088
4 8216 8482 8489 8589
4 8621 8630 8674 8802
4 8884 8976 9056 9202
4 9306 9335 9497 9683
4 9688 9756 9790 9924